
(cursor:968816): Gdk-WARNING **: 18:52:51.301: Cannot transform xsetting gtk-xft-dpi of type gchararray to type gint


(cursor:968816): Gdk-WARNING **: 18:52:51.364: Cannot transform xsetting gtk-xft-dpi of type gchararray to type gint


(cursor:968816): Gdk-WARNING **: 18:52:51.364: Cannot transform xsetting gtk-enable-input-feedback-sounds of type gchararray to type gboolean


(cursor:968816): Gdk-WARNING **: 18:52:51.364: Cannot transform xsetting gtk-enable-event-sounds of type gchararray to type gboolean


(cursor:968816): Gdk-WARNING **: 18:52:51.365: Cannot transform xsetting gtk-enable-input-feedback-sounds of type gchararray to type gboolean

[968816:0124/185251.522075:ERROR:object_proxy.cc(576)] Failed to call method: org.freedesktop.DBus.Properties.Get: object_path= /org/freedesktop/portal/desktop: org.freedesktop.DBus.Error.InvalidArgs: No such interface “org.freedesktop.portal.FileChooser”
[968816:0124/185251.522130:ERROR:select_file_dialog_linux_portal.cc(290)] Failed to read portal version property
[90m[main 2025-01-24T13:22:53.705Z][0m update#setState disabled
[90m[main 2025-01-24T13:22:53.707Z][0m update#ctor - updates are disabled as there is no update URL
[968816:0124/190311.032084:ERROR:atom_cache.cc(229)] Add code/file-list to kAtomsToCache
[93m[main 2025-01-24T16:57:24.017Z][0m No ptyHost heartbeat after 6 seconds
[93m[main 2025-01-24T20:30:22.399Z][0m No ptyHost heartbeat after 6 seconds
[93m[main 2025-01-25T07:28:18.723Z][0m No ptyHost heartbeat after 6 seconds

(cursor:968816): Gtk-WARNING **: 14:52:02.156: Could not init tracker3 search engine: The name org.freedesktop.Tracker3.Miner.Files was not provided by any .service files

(cursor:968816): Gtk-WARNING **: 14:52:02.342: Could not init tracker3 search engine: The name org.freedesktop.Tracker3.Miner.Files was not provided by any .service files

(cursor:968816): Gtk-WARNING **: 14:52:02.846: Could not init tracker3 search engine: The name org.freedesktop.Tracker3.Miner.Files was not provided by any .service files
[968816:0125/145214.318874:ERROR:browser_main_loop.cc(280)] GLib-GObject: ../glib/gobject/gsignal.c:2684: instance '0x2250030bee00' has no handler with id '10359'
[90m[main 2025-01-25T09:22:14.488Z][0m Extension host with pid 969385 exited with code: 0, signal: unknown.
[91m[main 2025-01-25T09:22:14.709Z][0m [UtilityProcessWorker]: terminated unexpectedly with code 288449440, signal: unknown
[93m[main 2025-01-25T09:29:26.020Z][0m TracingService: dropping unsupported envelope
[93m[main 2025-01-25T09:30:26.061Z][0m TracingService: dropping unsupported envelope
[90m[main 2025-01-25T09:31:24.663Z][0m Extension host with pid 2192505 exited with code: 0, signal: unknown.
